\BOOKMARK [0][-]{chapter.1}{\376\377\000C\000l\000a\000s\000s\000\040\000I\000n\000d\000e\000x}{}
\BOOKMARK [1][-]{section.1.1}{\376\377\000C\000l\000a\000s\000s\000\040\000H\000i\000e\000r\000a\000r\000c\000h\000y}{chapter.1}
\BOOKMARK [0][-]{chapter.2}{\376\377\000C\000l\000a\000s\000s\000\040\000I\000n\000d\000e\000x}{}
\BOOKMARK [1][-]{section.2.1}{\376\377\000C\000l\000a\000s\000s\000\040\000L\000i\000s\000t}{chapter.2}
\BOOKMARK [0][-]{chapter.3}{\376\377\000F\000i\000l\000e\000\040\000I\000n\000d\000e\000x}{}
\BOOKMARK [1][-]{section.3.1}{\376\377\000F\000i\000l\000e\000\040\000L\000i\000s\000t}{chapter.3}
\BOOKMARK [0][-]{chapter.4}{\376\377\000C\000l\000a\000s\000s\000\040\000D\000o\000c\000u\000m\000e\000n\000t\000a\000t\000i\000o\000n}{}
\BOOKMARK [1][-]{section.4.1}{\376\377\000c\000C\000l\000e\000a\000n\000D\000a\000e\000m\000o\000n\000\040\000C\000l\000a\000s\000s\000\040\000R\000e\000f\000e\000r\000e\000n\000c\000e}{chapter.4}
\BOOKMARK [2][-]{subsection.4.1.1}{\376\377\000M\000e\000m\000b\000e\000r\000\040\000F\000u\000n\000c\000t\000i\000o\000n\000\040\000D\000o\000c\000u\000m\000e\000n\000t\000a\000t\000i\000o\000n}{section.4.1}
\BOOKMARK [3][-]{subsubsection.4.1.1.1}{\376\377\000c\000h\000e\000c\000k\000C\000l\000e\000a\000n}{subsection.4.1.1}
\BOOKMARK [1][-]{section.4.2}{\376\377\000c\000C\000P\000U\000\040\000C\000l\000a\000s\000s\000\040\000R\000e\000f\000e\000r\000e\000n\000c\000e}{chapter.4}
\BOOKMARK [2][-]{subsection.4.2.1}{\376\377\000D\000e\000t\000a\000i\000l\000e\000d\000\040\000D\000e\000s\000c\000r\000i\000p\000t\000i\000o\000n}{section.4.2}
\BOOKMARK [2][-]{subsection.4.2.2}{\376\377\000M\000e\000m\000b\000e\000r\000\040\000F\000u\000n\000c\000t\000i\000o\000n\000\040\000D\000o\000c\000u\000m\000e\000n\000t\000a\000t\000i\000o\000n}{section.4.2}
\BOOKMARK [3][-]{subsubsection.4.2.2.1}{\376\377\000a\000d\000d\000V\000C}{subsection.4.2.2}
\BOOKMARK [3][-]{subsubsection.4.2.2.2}{\376\377\000g\000e\000t\000F\000a\000u\000l\000t\000P\000a\000g\000e}{subsection.4.2.2}
\BOOKMARK [3][-]{subsubsection.4.2.2.3}{\376\377\000r\000u\000n}{subsection.4.2.2}
\BOOKMARK [3][-]{subsubsection.4.2.2.4}{\376\377\000s\000w\000i\000t\000c\000h\000P\000r\000o\000c}{subsection.4.2.2}
\BOOKMARK [1][-]{section.4.3}{\376\377\000c\000E\000x\000c\000e\000p\000t\000i\000o\000n\000\040\000C\000l\000a\000s\000s\000\040\000R\000e\000f\000e\000r\000e\000n\000c\000e}{chapter.4}
\BOOKMARK [2][-]{subsection.4.3.1}{\376\377\000D\000e\000t\000a\000i\000l\000e\000d\000\040\000D\000e\000s\000c\000r\000i\000p\000t\000i\000o\000n}{section.4.3}
\BOOKMARK [2][-]{subsection.4.3.2}{\376\377\000M\000e\000m\000b\000e\000r\000\040\000F\000u\000n\000c\000t\000i\000o\000n\000\040\000D\000o\000c\000u\000m\000e\000n\000t\000a\000t\000i\000o\000n}{section.4.3}
\BOOKMARK [3][-]{subsubsection.4.3.2.1}{\376\377\000s\000e\000t\000F\000a\000t\000a\000l\000i\000t\000y}{subsection.4.3.2}
\BOOKMARK [1][-]{section.4.4}{\376\377\000c\000F\000i\000x\000e\000d\000A\000l\000l\000o\000c\000\040\000C\000l\000a\000s\000s\000\040\000R\000e\000f\000e\000r\000e\000n\000c\000e}{chapter.4}
\BOOKMARK [2][-]{subsection.4.4.1}{\376\377\000D\000e\000t\000a\000i\000l\000e\000d\000\040\000D\000e\000s\000c\000r\000i\000p\000t\000i\000o\000n}{section.4.4}
\BOOKMARK [2][-]{subsection.4.4.2}{\376\377\000M\000e\000m\000b\000e\000r\000\040\000F\000u\000n\000c\000t\000i\000o\000n\000\040\000D\000o\000c\000u\000m\000e\000n\000t\000a\000t\000i\000o\000n}{section.4.4}
\BOOKMARK [3][-]{subsubsection.4.4.2.1}{\376\377\000p\000i\000n}{subsection.4.4.2}
\BOOKMARK [3][-]{subsubsection.4.4.2.2}{\376\377\000r\000e\000g\000P\000r\000o\000c\000s}{subsection.4.4.2}
\BOOKMARK [3][-]{subsubsection.4.4.2.3}{\376\377\000r\000e\000t\000u\000r\000n\000F\000r\000a\000m\000e}{subsection.4.4.2}
\BOOKMARK [1][-]{section.4.5}{\376\377\000c\000F\000r\000a\000m\000e\000A\000l\000l\000o\000c\000P\000o\000l\000i\000c\000y\000\040\000C\000l\000a\000s\000s\000\040\000R\000e\000f\000e\000r\000e\000n\000c\000e}{chapter.4}
\BOOKMARK [2][-]{subsection.4.5.1}{\376\377\000D\000e\000t\000a\000i\000l\000e\000d\000\040\000D\000e\000s\000c\000r\000i\000p\000t\000i\000o\000n}{section.4.5}
\BOOKMARK [2][-]{subsection.4.5.2}{\376\377\000M\000e\000m\000b\000e\000r\000\040\000F\000u\000n\000c\000t\000i\000o\000n\000\040\000D\000o\000c\000u\000m\000e\000n\000t\000a\000t\000i\000o\000n}{section.4.5}
\BOOKMARK [3][-]{subsubsection.4.5.2.1}{\376\377\000r\000e\000g\000P\000r\000o\000c\000s}{subsection.4.5.2}
\BOOKMARK [3][-]{subsubsection.4.5.2.2}{\376\377\000r\000e\000t\000u\000r\000n\000F\000r\000a\000m\000e}{subsection.4.5.2}
\BOOKMARK [1][-]{section.4.6}{\376\377\000c\000I\000D\000M\000a\000n\000a\000g\000e\000r\000\040\000C\000l\000a\000s\000s\000\040\000R\000e\000f\000e\000r\000e\000n\000c\000e}{chapter.4}
\BOOKMARK [2][-]{subsection.4.6.1}{\376\377\000C\000o\000n\000s\000t\000r\000u\000c\000t\000o\000r\000\040\000\046\000\040\000D\000e\000s\000t\000r\000u\000c\000t\000o\000r\000\040\000D\000o\000c\000u\000m\000e\000n\000t\000a\000t\000i\000o\000n}{section.4.6}
\BOOKMARK [3][-]{subsubsection.4.6.1.1}{\376\377\000c\000I\000D\000M\000a\000n\000a\000g\000e\000r}{subsection.4.6.1}
\BOOKMARK [2][-]{subsection.4.6.2}{\376\377\000M\000e\000m\000b\000e\000r\000\040\000F\000u\000n\000c\000t\000i\000o\000n\000\040\000D\000o\000c\000u\000m\000e\000n\000t\000a\000t\000i\000o\000n}{section.4.6}
\BOOKMARK [3][-]{subsubsection.4.6.2.1}{\376\377\000g\000e\000t\000I\000D}{subsection.4.6.2}
\BOOKMARK [3][-]{subsubsection.4.6.2.2}{\376\377\000g\000e\000t\000L\000o\000w\000I\000D}{subsection.4.6.2}
\BOOKMARK [3][-]{subsubsection.4.6.2.3}{\376\377\000n\000e\000x\000t\000L\000o\000w\000I\000D}{subsection.4.6.2}
\BOOKMARK [3][-]{subsubsection.4.6.2.4}{\376\377\000r\000e\000s\000e\000r\000v\000e\000d\000I\000D\000s}{subsection.4.6.2}
\BOOKMARK [3][-]{subsubsection.4.6.2.5}{\376\377\000r\000e\000t\000u\000r\000n\000I\000D}{subsection.4.6.2}
\BOOKMARK [1][-]{section.4.7}{\376\377\000c\000I\000O\000C\000o\000n\000t\000r\000o\000l\000\040\000C\000l\000a\000s\000s\000\040\000R\000e\000f\000e\000r\000e\000n\000c\000e}{chapter.4}
\BOOKMARK [2][-]{subsection.4.7.1}{\376\377\000M\000e\000m\000b\000e\000r\000\040\000F\000u\000n\000c\000t\000i\000o\000n\000\040\000D\000o\000c\000u\000m\000e\000n\000t\000a\000t\000i\000o\000n}{section.4.7}
\BOOKMARK [3][-]{subsubsection.4.7.1.1}{\376\377\000d\000u\000m\000p\000I\000O\000E\000r\000r\000o\000r}{subsection.4.7.1}
\BOOKMARK [3][-]{subsubsection.4.7.1.2}{\376\377\000g\000e\000t\000C\000o\000n\000t\000e\000x\000t}{subsection.4.7.1}
\BOOKMARK [3][-]{subsubsection.4.7.1.3}{\376\377\000g\000e\000t\000F\000i\000n\000i\000s\000h\000e\000d\000P\000T\000E\000Q\000u\000e\000u\000e}{subsection.4.7.1}
\BOOKMARK [3][-]{subsubsection.4.7.1.4}{\376\377\000g\000e\000t\000F\000i\000n\000i\000s\000h\000e\000d\000Q\000u\000e\000u\000e}{subsection.4.7.1}
\BOOKMARK [3][-]{subsubsection.4.7.1.5}{\376\377\000r\000e\000m\000o\000v\000e\000W\000a\000i\000t}{subsection.4.7.1}
\BOOKMARK [3][-]{subsubsection.4.7.1.6}{\376\377\000r\000e\000t\000u\000r\000n\000C\000o\000n\000t\000e\000x\000t}{subsection.4.7.1}
\BOOKMARK [3][-]{subsubsection.4.7.1.7}{\376\377\000s\000c\000h\000e\000d\000u\000l\000e\000I\000O}{subsection.4.7.1}
\BOOKMARK [3][-]{subsubsection.4.7.1.8}{\376\377\000t\000i\000c\000k}{subsection.4.7.1}
\BOOKMARK [3][-]{subsubsection.4.7.1.9}{\376\377\000t\000i\000c\000k}{subsection.4.7.1}
\BOOKMARK [2][-]{subsection.4.7.2}{\376\377\000M\000e\000m\000b\000e\000r\000\040\000D\000a\000t\000a\000\040\000D\000o\000c\000u\000m\000e\000n\000t\000a\000t\000i\000o\000n}{section.4.7}
\BOOKMARK [3][-]{subsubsection.4.7.2.1}{\376\377\000c\000o\000n\000t\000e\000x\000t\000\137\000c\000a\000c\000h\000e}{subsection.4.7.2}
\BOOKMARK [3][-]{subsubsection.4.7.2.2}{\376\377\000f\000i\000n\000i\000s\000h\000e\000d}{subsection.4.7.2}
\BOOKMARK [3][-]{subsubsection.4.7.2.3}{\376\377\000i\000o\000\137\000i\000n}{subsection.4.7.2}
\BOOKMARK [3][-]{subsubsection.4.7.2.4}{\376\377\000i\000o\000\137\000o\000u\000t}{subsection.4.7.2}
\BOOKMARK [1][-]{section.4.8}{\376\377\000c\000I\000O\000E\000x\000c\000\040\000C\000l\000a\000s\000s\000\040\000R\000e\000f\000e\000r\000e\000n\000c\000e}{chapter.4}
\BOOKMARK [1][-]{section.4.9}{\376\377\000c\000M\000M\000U\000\040\000C\000l\000a\000s\000s\000\040\000R\000e\000f\000e\000r\000e\000n\000c\000e}{chapter.4}
\BOOKMARK [2][-]{subsection.4.9.1}{\376\377\000M\000e\000m\000b\000e\000r\000\040\000F\000u\000n\000c\000t\000i\000o\000n\000\040\000D\000o\000c\000u\000m\000e\000n\000t\000a\000t\000i\000o\000n}{section.4.9}
\BOOKMARK [3][-]{subsubsection.4.9.1.1}{\376\377\000c\000h\000e\000c\000k\000S\000t\000a\000t\000u\000s}{subsection.4.9.1}
\BOOKMARK [3][-]{subsubsection.4.9.1.2}{\376\377\000f\000l\000u\000s\000h\000T\000L\000B}{subsection.4.9.1}
\BOOKMARK [3][-]{subsubsection.4.9.1.3}{\376\377\000g\000e\000t\000A\000d\000d\000r}{subsection.4.9.1}
\BOOKMARK [3][-]{subsubsection.4.9.1.4}{\376\377\000g\000e\000t\000F\000a\000u\000l\000t\000P\000a\000g\000e}{subsection.4.9.1}
\BOOKMARK [3][-]{subsubsection.4.9.1.5}{\376\377\000s\000e\000t\000P\000T\000B\000R}{subsection.4.9.1}
\BOOKMARK [3][-]{subsubsection.4.9.1.6}{\376\377\000s\000y\000n\000c\000T\000L\000B}{subsection.4.9.1}
\BOOKMARK [2][-]{subsection.4.9.2}{\376\377\000M\000e\000m\000b\000e\000r\000\040\000D\000a\000t\000a\000\040\000D\000o\000c\000u\000m\000e\000n\000t\000a\000t\000i\000o\000n}{section.4.9}
\BOOKMARK [3][-]{subsubsection.4.9.2.1}{\376\377\000r\000e\000p\000l\000a\000c\000e\000I\000n\000d\000e\000x}{subsection.4.9.2}
\BOOKMARK [1][-]{section.4.10}{\376\377\000c\000P\000R\000E\000x\000c\000\040\000C\000l\000a\000s\000s\000\040\000R\000e\000f\000e\000r\000e\000n\000c\000e}{chapter.4}
\BOOKMARK [1][-]{section.4.11}{\376\377\000c\000P\000R\000F\000i\000f\000o\000\040\000C\000l\000a\000s\000s\000\040\000R\000e\000f\000e\000r\000e\000n\000c\000e}{chapter.4}
\BOOKMARK [2][-]{subsection.4.11.1}{\376\377\000M\000e\000m\000b\000e\000r\000\040\000F\000u\000n\000c\000t\000i\000o\000n\000\040\000D\000o\000c\000u\000m\000e\000n\000t\000a\000t\000i\000o\000n}{section.4.11}
\BOOKMARK [3][-]{subsubsection.4.11.1.1}{\376\377\000c\000l\000e\000a\000r\000P\000a\000g\000e\000s}{subsection.4.11.1}
\BOOKMARK [3][-]{subsubsection.4.11.1.2}{\376\377\000f\000i\000n\000i\000s\000h\000e\000d\000I\000O}{subsection.4.11.1}
\BOOKMARK [3][-]{subsubsection.4.11.1.3}{\376\377\000f\000i\000n\000i\000s\000h\000e\000d\000Q\000u\000a\000n\000t\000a}{subsection.4.11.1}
\BOOKMARK [3][-]{subsubsection.4.11.1.4}{\376\377\000n\000a\000m\000e}{subsection.4.11.1}
\BOOKMARK [3][-]{subsubsection.4.11.1.5}{\376\377\000r\000e\000s\000o\000l\000v\000e\000P\000a\000g\000e\000F\000a\000u\000l\000t}{subsection.4.11.1}
\BOOKMARK [3][-]{subsubsection.4.11.1.6}{\376\377\000r\000e\000t\000u\000r\000n\000F\000r\000a\000m\000e}{subsection.4.11.1}
\BOOKMARK [1][-]{section.4.12}{\376\377\000c\000P\000R\000L\000r\000u\000\040\000C\000l\000a\000s\000s\000\040\000R\000e\000f\000e\000r\000e\000n\000c\000e}{chapter.4}
\BOOKMARK [2][-]{subsection.4.12.1}{\376\377\000M\000e\000m\000b\000e\000r\000\040\000F\000u\000n\000c\000t\000i\000o\000n\000\040\000D\000o\000c\000u\000m\000e\000n\000t\000a\000t\000i\000o\000n}{section.4.12}
\BOOKMARK [3][-]{subsubsection.4.12.1.1}{\376\377\000g\000e\000t\000P\000T\000E\000O\000w\000n\000e\000r}{subsection.4.12.1}
\BOOKMARK [3][-]{subsubsection.4.12.1.2}{\376\377\000n\000a\000m\000e}{subsection.4.12.1}
\BOOKMARK [3][-]{subsubsection.4.12.1.3}{\376\377\000p\000r\000i\000n\000t\000T\000i\000m\000e\000s\000t\000a\000m\000p\000s}{subsection.4.12.1}
\BOOKMARK [3][-]{subsubsection.4.12.1.4}{\376\377\000r\000e\000s\000o\000l\000v\000e\000P\000a\000g\000e\000F\000a\000u\000l\000t}{subsection.4.12.1}
\BOOKMARK [3][-]{subsubsection.4.12.1.5}{\376\377\000r\000e\000t\000u\000r\000n\000F\000r\000a\000m\000e}{subsection.4.12.1}
\BOOKMARK [1][-]{section.4.13}{\376\377\000c\000P\000R\000L\000r\000u\000A\000p\000p\000r\000o\000x\000\040\000C\000l\000a\000s\000s\000\040\000R\000e\000f\000e\000r\000e\000n\000c\000e}{chapter.4}
\BOOKMARK [2][-]{subsection.4.13.1}{\376\377\000M\000e\000m\000b\000e\000r\000\040\000F\000u\000n\000c\000t\000i\000o\000n\000\040\000D\000o\000c\000u\000m\000e\000n\000t\000a\000t\000i\000o\000n}{section.4.13}
\BOOKMARK [3][-]{subsubsection.4.13.1.1}{\376\377\000c\000l\000e\000a\000r\000P\000a\000g\000e\000s}{subsection.4.13.1}
\BOOKMARK [3][-]{subsubsection.4.13.1.2}{\376\377\000g\000e\000t\000P\000T\000E\000O\000w\000n\000e\000r}{subsection.4.13.1}
\BOOKMARK [3][-]{subsubsection.4.13.1.3}{\376\377\000n\000a\000m\000e}{subsection.4.13.1}
\BOOKMARK [3][-]{subsubsection.4.13.1.4}{\376\377\000r\000e\000s\000o\000l\000v\000e\000P\000a\000g\000e\000F\000a\000u\000l\000t}{subsection.4.13.1}
\BOOKMARK [3][-]{subsubsection.4.13.1.5}{\376\377\000r\000e\000t\000u\000r\000n\000F\000r\000a\000m\000e}{subsection.4.13.1}
\BOOKMARK [3][-]{subsubsection.4.13.1.6}{\376\377\000u\000p\000d\000a\000t\000e\000T\000i\000m\000e}{subsection.4.13.1}
\BOOKMARK [1][-]{section.4.14}{\376\377\000c\000P\000R\000P\000o\000l\000i\000c\000y\000\040\000C\000l\000a\000s\000s\000\040\000R\000e\000f\000e\000r\000e\000n\000c\000e}{chapter.4}
\BOOKMARK [2][-]{subsection.4.14.1}{\376\377\000M\000e\000m\000b\000e\000r\000\040\000F\000u\000n\000c\000t\000i\000o\000n\000\040\000D\000o\000c\000u\000m\000e\000n\000t\000a\000t\000i\000o\000n}{section.4.14}
\BOOKMARK [3][-]{subsubsection.4.14.1.1}{\376\377\000c\000l\000e\000a\000r\000P\000a\000g\000e\000s}{subsection.4.14.1}
\BOOKMARK [3][-]{subsubsection.4.14.1.2}{\376\377\000f\000i\000n\000i\000s\000h\000e\000d\000I\000O}{subsection.4.14.1}
\BOOKMARK [3][-]{subsubsection.4.14.1.3}{\376\377\000f\000i\000n\000i\000s\000h\000e\000d\000Q\000u\000a\000n\000t\000a}{subsection.4.14.1}
\BOOKMARK [3][-]{subsubsection.4.14.1.4}{\376\377\000n\000a\000m\000e}{subsection.4.14.1}
\BOOKMARK [3][-]{subsubsection.4.14.1.5}{\376\377\000r\000e\000s\000o\000l\000v\000e\000P\000a\000g\000e\000F\000a\000u\000l\000t}{subsection.4.14.1}
\BOOKMARK [3][-]{subsubsection.4.14.1.6}{\376\377\000r\000e\000t\000u\000r\000n\000F\000r\000a\000m\000e}{subsection.4.14.1}
\BOOKMARK [1][-]{section.4.15}{\376\377\000c\000R\000o\000u\000n\000d\000R\000o\000b\000i\000n\000\040\000C\000l\000a\000s\000s\000\040\000R\000e\000f\000e\000r\000e\000n\000c\000e}{chapter.4}
\BOOKMARK [2][-]{subsection.4.15.1}{\376\377\000D\000e\000t\000a\000i\000l\000e\000d\000\040\000D\000e\000s\000c\000r\000i\000p\000t\000i\000o\000n}{section.4.15}
\BOOKMARK [1][-]{section.4.16}{\376\377\000c\000V\000M\000M\000\040\000C\000l\000a\000s\000s\000\040\000R\000e\000f\000e\000r\000e\000n\000c\000e}{chapter.4}
\BOOKMARK [2][-]{subsection.4.16.1}{\376\377\000C\000o\000n\000s\000t\000r\000u\000c\000t\000o\000r\000\040\000\046\000\040\000D\000e\000s\000t\000r\000u\000c\000t\000o\000r\000\040\000D\000o\000c\000u\000m\000e\000n\000t\000a\000t\000i\000o\000n}{section.4.16}
\BOOKMARK [3][-]{subsubsection.4.16.1.1}{\376\377\000c\000V\000M\000M}{subsection.4.16.1}
\BOOKMARK [3][-]{subsubsection.4.16.1.2}{\376\377\000c\000V\000M\000M}{subsection.4.16.1}
\BOOKMARK [2][-]{subsection.4.16.2}{\376\377\000M\000e\000m\000b\000e\000r\000\040\000F\000u\000n\000c\000t\000i\000o\000n\000\040\000D\000o\000c\000u\000m\000e\000n\000t\000a\000t\000i\000o\000n}{section.4.16}
\BOOKMARK [3][-]{subsubsection.4.16.2.1}{\376\377\000c\000l\000e\000a\000n\000u\000p\000P\000r\000o\000c\000e\000s\000s}{subsection.4.16.2}
\BOOKMARK [3][-]{subsubsection.4.16.2.2}{\376\377\000c\000l\000e\000a\000r\000C\000i\000r\000c\000C\000h\000e\000c\000k\000s}{subsection.4.16.2}
\BOOKMARK [3][-]{subsubsection.4.16.2.3}{\376\377\000g\000e\000t\000P\000r\000o\000c\000e\000s\000s}{subsection.4.16.2}
\BOOKMARK [3][-]{subsubsection.4.16.2.4}{\376\377\000i\000n\000i\000t\000P\000r\000o\000c\000e\000s\000s\000e\000s}{subsection.4.16.2}
\BOOKMARK [3][-]{subsubsection.4.16.2.5}{\376\377\000p\000a\000g\000e\000I\000n}{subsection.4.16.2}
\BOOKMARK [3][-]{subsubsection.4.16.2.6}{\376\377\000p\000a\000g\000e\000O\000u\000t}{subsection.4.16.2}
\BOOKMARK [3][-]{subsubsection.4.16.2.7}{\376\377\000p\000r\000i\000n\000t\000R\000e\000s\000u\000l\000t\000s}{subsection.4.16.2}
\BOOKMARK [3][-]{subsubsection.4.16.2.8}{\376\377\000s\000t\000a\000r\000t}{subsection.4.16.2}
\BOOKMARK [3][-]{subsubsection.4.16.2.9}{\376\377\000t\000i\000c\000k\000C\000o\000n\000t\000r\000o\000l\000l\000e\000r}{subsection.4.16.2}
\BOOKMARK [2][-]{subsection.4.16.3}{\376\377\000M\000e\000m\000b\000e\000r\000\040\000D\000a\000t\000a\000\040\000D\000o\000c\000u\000m\000e\000n\000t\000a\000t\000i\000o\000n}{section.4.16}
\BOOKMARK [3][-]{subsubsection.4.16.3.1}{\376\377\000p\000r\000o\000c\000s}{subsection.4.16.3}
\BOOKMARK [1][-]{section.4.17}{\376\377\000c\000V\000M\000M\000E\000x\000c\000\040\000C\000l\000a\000s\000s\000\040\000R\000e\000f\000e\000r\000e\000n\000c\000e}{chapter.4}
\BOOKMARK [1][-]{section.4.18}{\376\377\000I\000N\000I\000R\000e\000a\000d\000e\000r\000\040\000C\000l\000a\000s\000s\000\040\000R\000e\000f\000e\000r\000e\000n\000c\000e}{chapter.4}
\BOOKMARK [2][-]{subsection.4.18.1}{\376\377\000D\000e\000t\000a\000i\000l\000e\000d\000\040\000D\000e\000s\000c\000r\000i\000p\000t\000i\000o\000n}{section.4.18}
\BOOKMARK [1][-]{section.4.19}{\376\377\000K\000e\000y\000R\000e\000c\000o\000r\000d\000\040\000S\000t\000r\000u\000c\000t\000\040\000R\000e\000f\000e\000r\000e\000n\000c\000e}{chapter.4}
\BOOKMARK [1][-]{section.4.20}{\376\377\000r\000o\000u\000n\000d\000R\000o\000b\000i\000n\000I\000n\000f\000o\000\040\000S\000t\000r\000u\000c\000t\000\040\000R\000e\000f\000e\000r\000e\000n\000c\000e}{chapter.4}
\BOOKMARK [1][-]{section.4.21}{\376\377\000s\000C\000m\000d\000O\000p\000t\000i\000o\000n\000s\000\040\000S\000t\000r\000u\000c\000t\000\040\000R\000e\000f\000e\000r\000e\000n\000c\000e}{chapter.4}
\BOOKMARK [1][-]{section.4.22}{\376\377\000s\000I\000O\000C\000o\000n\000t\000e\000x\000t\000\040\000S\000t\000r\000u\000c\000t\000\040\000R\000e\000f\000e\000r\000e\000n\000c\000e}{chapter.4}
\BOOKMARK [2][-]{subsection.4.22.1}{\376\377\000D\000e\000t\000a\000i\000l\000e\000d\000\040\000D\000e\000s\000c\000r\000i\000p\000t\000i\000o\000n}{section.4.22}
\BOOKMARK [1][-]{section.4.23}{\376\377\000s\000O\000p\000O\000v\000e\000r\000r\000i\000d\000e\000\040\000S\000t\000r\000u\000c\000t\000\040\000R\000e\000f\000e\000r\000e\000n\000c\000e}{chapter.4}
\BOOKMARK [1][-]{section.4.24}{\376\377\000s\000P\000r\000o\000c\000\040\000S\000t\000r\000u\000c\000t\000\040\000R\000e\000f\000e\000r\000e\000n\000c\000e}{chapter.4}
\BOOKMARK [2][-]{subsection.4.24.1}{\376\377\000M\000e\000m\000b\000e\000r\000\040\000D\000a\000t\000a\000\040\000D\000o\000c\000u\000m\000e\000n\000t\000a\000t\000i\000o\000n}{section.4.24}
\BOOKMARK [3][-]{subsubsection.4.24.1.1}{\376\377\000m\000a\000x\000P\000C}{subsection.4.24.1}
\BOOKMARK [3][-]{subsubsection.4.24.1.2}{\376\377\000s\000c\000h\000e\000d\000u\000l\000e\000D\000a\000t\000a}{subsection.4.24.1}
\BOOKMARK [1][-]{section.4.25}{\376\377\000s\000P\000T\000E\000\040\000S\000t\000r\000u\000c\000t\000\040\000R\000e\000f\000e\000r\000e\000n\000c\000e}{chapter.4}
\BOOKMARK [2][-]{subsection.4.25.1}{\376\377\000M\000e\000m\000b\000e\000r\000\040\000D\000a\000t\000a\000\040\000D\000o\000c\000u\000m\000e\000n\000t\000a\000t\000i\000o\000n}{section.4.25}
\BOOKMARK [3][-]{subsubsection.4.25.1.1}{\376\377\000f\000l\000a\000g\000s}{subsection.4.25.1}
\BOOKMARK [1][-]{section.4.26}{\376\377\000s\000P\000T\000E\000O\000w\000n\000e\000r\000\040\000S\000t\000r\000u\000c\000t\000\040\000R\000e\000f\000e\000r\000e\000n\000c\000e}{chapter.4}
\BOOKMARK [2][-]{subsection.4.26.1}{\376\377\000D\000e\000t\000a\000i\000l\000e\000d\000\040\000D\000e\000s\000c\000r\000i\000p\000t\000i\000o\000n}{section.4.26}
\BOOKMARK [1][-]{section.4.27}{\376\377\000s\000T\000L\000B\000E\000\040\000S\000t\000r\000u\000c\000t\000\040\000R\000e\000f\000e\000r\000e\000n\000c\000e}{chapter.4}
\BOOKMARK [2][-]{subsection.4.27.1}{\376\377\000M\000e\000m\000b\000e\000r\000\040\000D\000a\000t\000a\000\040\000D\000o\000c\000u\000m\000e\000n\000t\000a\000t\000i\000o\000n}{section.4.27}
\BOOKMARK [3][-]{subsubsection.4.27.1.1}{\376\377\000v\000a\000l\000i\000d}{subsection.4.27.1}
\BOOKMARK [0][-]{chapter.5}{\376\377\000F\000i\000l\000e\000\040\000D\000o\000c\000u\000m\000e\000n\000t\000a\000t\000i\000o\000n}{}
\BOOKMARK [1][-]{section.5.1}{\376\377\000i\000n\000c\000l\000u\000d\000e\000/\000c\000p\000u\000.\000h\000\040\000F\000i\000l\000e\000\040\000R\000e\000f\000e\000r\000e\000n\000c\000e}{chapter.5}
\BOOKMARK [2][-]{subsection.5.1.1}{\376\377\000D\000e\000t\000a\000i\000l\000e\000d\000\040\000D\000e\000s\000c\000r\000i\000p\000t\000i\000o\000n}{section.5.1}
\BOOKMARK [2][-]{subsection.5.1.2}{\376\377\000E\000n\000u\000m\000e\000r\000a\000t\000i\000o\000n\000\040\000T\000y\000p\000e\000\040\000D\000o\000c\000u\000m\000e\000n\000t\000a\000t\000i\000o\000n}{section.5.1}
\BOOKMARK [3][-]{subsubsection.5.1.2.1}{\376\377\000e\000C\000P\000U\000S\000t\000a\000t\000e}{subsection.5.1.2}
\BOOKMARK [1][-]{section.5.2}{\376\377\000i\000n\000c\000l\000u\000d\000e\000/\000d\000a\000t\000a\000\137\000s\000t\000r\000u\000c\000t\000s\000.\000h\000\040\000F\000i\000l\000e\000\040\000R\000e\000f\000e\000r\000e\000n\000c\000e}{chapter.5}
\BOOKMARK [2][-]{subsection.5.2.1}{\376\377\000D\000e\000t\000a\000i\000l\000e\000d\000\040\000D\000e\000s\000c\000r\000i\000p\000t\000i\000o\000n}{section.5.2}
\BOOKMARK [2][-]{subsection.5.2.2}{\376\377\000E\000n\000u\000m\000e\000r\000a\000t\000i\000o\000n\000\040\000T\000y\000p\000e\000\040\000D\000o\000c\000u\000m\000e\000n\000t\000a\000t\000i\000o\000n}{section.5.2}
\BOOKMARK [3][-]{subsubsection.5.2.2.1}{\376\377\000e\000F\000l\000a\000g\000I\000n\000d\000e\000x}{subsection.5.2.2}
\BOOKMARK [1][-]{section.5.3}{\376\377\000i\000n\000c\000l\000u\000d\000e\000/\000e\000x\000c\000e\000p\000t\000i\000o\000n\000s\000.\000h\000\040\000F\000i\000l\000e\000\040\000R\000e\000f\000e\000r\000e\000n\000c\000e}{chapter.5}
\BOOKMARK [2][-]{subsection.5.3.1}{\376\377\000D\000e\000t\000a\000i\000l\000e\000d\000\040\000D\000e\000s\000c\000r\000i\000p\000t\000i\000o\000n}{section.5.3}
\BOOKMARK [2][-]{subsection.5.3.2}{\376\377\000E\000n\000u\000m\000e\000r\000a\000t\000i\000o\000n\000\040\000T\000y\000p\000e\000\040\000D\000o\000c\000u\000m\000e\000n\000t\000a\000t\000i\000o\000n}{section.5.3}
\BOOKMARK [3][-]{subsubsection.5.3.2.1}{\376\377\000e\000E\000x\000T\000y\000p\000e}{subsection.5.3.2}
\BOOKMARK [1][-]{section.5.4}{\376\377\000i\000n\000c\000l\000u\000d\000e\000/\000i\000n\000i\000R\000e\000a\000d\000e\000r\000.\000h\000\040\000F\000i\000l\000e\000\040\000R\000e\000f\000e\000r\000e\000n\000c\000e}{chapter.5}
\BOOKMARK [2][-]{subsection.5.4.1}{\376\377\000D\000e\000t\000a\000i\000l\000e\000d\000\040\000D\000e\000s\000c\000r\000i\000p\000t\000i\000o\000n}{section.5.4}
\BOOKMARK [1][-]{section.5.5}{\376\377\000i\000n\000c\000l\000u\000d\000e\000/\000m\000m\000u\000.\000h\000\040\000F\000i\000l\000e\000\040\000R\000e\000f\000e\000r\000e\000n\000c\000e}{chapter.5}
\BOOKMARK [2][-]{subsection.5.5.1}{\376\377\000D\000e\000t\000a\000i\000l\000e\000d\000\040\000D\000e\000s\000c\000r\000i\000p\000t\000i\000o\000n}{section.5.5}
\BOOKMARK [2][-]{subsection.5.5.2}{\376\377\000E\000n\000u\000m\000e\000r\000a\000t\000i\000o\000n\000\040\000T\000y\000p\000e\000\040\000D\000o\000c\000u\000m\000e\000n\000t\000a\000t\000i\000o\000n}{section.5.5}
\BOOKMARK [3][-]{subsubsection.5.5.2.1}{\376\377\000e\000M\000M\000U\000s\000t\000a\000t\000e}{subsection.5.5.2}
\BOOKMARK [1][-]{section.5.6}{\376\377\000i\000n\000c\000l\000u\000d\000e\000/\000P\000o\000l\000i\000c\000y\000/\000c\000l\000e\000a\000n\000i\000n\000g\000D\000a\000e\000m\000o\000n\000.\000h\000\040\000F\000i\000l\000e\000\040\000R\000e\000f\000e\000r\000e\000n\000c\000e}{chapter.5}
\BOOKMARK [2][-]{subsection.5.6.1}{\376\377\000D\000e\000t\000a\000i\000l\000e\000d\000\040\000D\000e\000s\000c\000r\000i\000p\000t\000i\000o\000n}{section.5.6}
\BOOKMARK [1][-]{section.5.7}{\376\377\000i\000n\000c\000l\000u\000d\000e\000/\000P\000o\000l\000i\000c\000y\000/\000p\000a\000g\000e\000R\000e\000p\000l\000a\000c\000e\000.\000h\000\040\000F\000i\000l\000e\000\040\000R\000e\000f\000e\000r\000e\000n\000c\000e}{chapter.5}
\BOOKMARK [2][-]{subsection.5.7.1}{\376\377\000D\000e\000t\000a\000i\000l\000e\000d\000\040\000D\000e\000s\000c\000r\000i\000p\000t\000i\000o\000n}{section.5.7}
\BOOKMARK [2][-]{subsection.5.7.2}{\376\377\000E\000n\000u\000m\000e\000r\000a\000t\000i\000o\000n\000\040\000T\000y\000p\000e\000\040\000D\000o\000c\000u\000m\000e\000n\000t\000a\000t\000i\000o\000n}{section.5.7}
\BOOKMARK [3][-]{subsubsection.5.7.2.1}{\376\377\000e\000P\000R\000S\000t\000a\000t\000u\000s}{subsection.5.7.2}
\BOOKMARK [1][-]{section.5.8}{\376\377\000i\000n\000c\000l\000u\000d\000e\000/\000r\000o\000u\000n\000d\000\137\000r\000o\000b\000i\000n\000.\000h\000\040\000F\000i\000l\000e\000\040\000R\000e\000f\000e\000r\000e\000n\000c\000e}{chapter.5}
\BOOKMARK [2][-]{subsection.5.8.1}{\376\377\000D\000e\000t\000a\000i\000l\000e\000d\000\040\000D\000e\000s\000c\000r\000i\000p\000t\000i\000o\000n}{section.5.8}
\BOOKMARK [1][-]{section.5.9}{\376\377\000i\000n\000c\000l\000u\000d\000e\000/\000u\000t\000i\000l\000i\000t\000y\000/\000i\000d\000.\000h\000\040\000F\000i\000l\000e\000\040\000R\000e\000f\000e\000r\000e\000n\000c\000e}{chapter.5}
\BOOKMARK [2][-]{subsection.5.9.1}{\376\377\000D\000e\000t\000a\000i\000l\000e\000d\000\040\000D\000e\000s\000c\000r\000i\000p\000t\000i\000o\000n}{section.5.9}
\BOOKMARK [1][-]{section.5.10}{\376\377\000i\000n\000c\000l\000u\000d\000e\000/\000u\000t\000i\000l\000i\000t\000y\000/\000l\000o\000g\000g\000e\000r\000.\000h\000\040\000F\000i\000l\000e\000\040\000R\000e\000f\000e\000r\000e\000n\000c\000e}{chapter.5}
\BOOKMARK [2][-]{subsection.5.10.1}{\376\377\000D\000e\000t\000a\000i\000l\000e\000d\000\040\000D\000e\000s\000c\000r\000i\000p\000t\000i\000o\000n}{section.5.10}
\BOOKMARK [1][-]{section.5.11}{\376\377\000i\000n\000c\000l\000u\000d\000e\000/\000v\000m\000m\000\137\000c\000o\000r\000e\000.\000h\000\040\000F\000i\000l\000e\000\040\000R\000e\000f\000e\000r\000e\000n\000c\000e}{chapter.5}
\BOOKMARK [2][-]{subsection.5.11.1}{\376\377\000D\000e\000t\000a\000i\000l\000e\000d\000\040\000D\000e\000s\000c\000r\000i\000p\000t\000i\000o\000n}{section.5.11}
