\BOOKMARK [0][-]{chapter.1}{\376\377\000C\000l\000a\000s\000s\000\040\000I\000n\000d\000e\000x}{}
\BOOKMARK [1][-]{section.1.1}{\376\377\000C\000l\000a\000s\000s\000\040\000H\000i\000e\000r\000a\000r\000c\000h\000y}{chapter.1}
\BOOKMARK [0][-]{chapter.2}{\376\377\000C\000l\000a\000s\000s\000\040\000I\000n\000d\000e\000x}{}
\BOOKMARK [1][-]{section.2.1}{\376\377\000C\000l\000a\000s\000s\000\040\000L\000i\000s\000t}{chapter.2}
\BOOKMARK [0][-]{chapter.3}{\376\377\000F\000i\000l\000e\000\040\000I\000n\000d\000e\000x}{}
\BOOKMARK [1][-]{section.3.1}{\376\377\000F\000i\000l\000e\000\040\000L\000i\000s\000t}{chapter.3}
\BOOKMARK [0][-]{chapter.4}{\376\377\000C\000l\000a\000s\000s\000\040\000D\000o\000c\000u\000m\000e\000n\000t\000a\000t\000i\000o\000n}{}
\BOOKMARK [1][-]{section.4.1}{\376\377\000A\000b\000s\000t\000r\000a\000c\000t\000D\000e\000v\000i\000c\000e\000\040\000C\000l\000a\000s\000s\000\040\000R\000e\000f\000e\000r\000e\000n\000c\000e}{chapter.4}
\BOOKMARK [2][-]{subsection.4.1.1}{\376\377\000D\000e\000t\000a\000i\000l\000e\000d\000\040\000D\000e\000s\000c\000r\000i\000p\000t\000i\000o\000n}{section.4.1}
\BOOKMARK [2][-]{subsection.4.1.2}{\376\377\000M\000e\000m\000b\000e\000r\000\040\000F\000u\000n\000c\000t\000i\000o\000n\000\040\000D\000o\000c\000u\000m\000e\000n\000t\000a\000t\000i\000o\000n}{section.4.1}
\BOOKMARK [3][-]{subsubsection.4.1.2.1}{\376\377\000s\000e\000t\000T\000i\000m\000e\000r}{subsection.4.1.2}
\BOOKMARK [1][-]{section.4.2}{\376\377\000c\000A\000b\000s\000Q\000u\000e\000u\000e\000d\000D\000e\000v\000i\000c\000e\000\040\000C\000l\000a\000s\000s\000\040\000R\000e\000f\000e\000r\000e\000n\000c\000e}{chapter.4}
\BOOKMARK [2][-]{subsection.4.2.1}{\376\377\000M\000e\000m\000b\000e\000r\000\040\000F\000u\000n\000c\000t\000i\000o\000n\000\040\000D\000o\000c\000u\000m\000e\000n\000t\000a\000t\000i\000o\000n}{section.4.2}
\BOOKMARK [3][-]{subsubsection.4.2.1.1}{\376\377\000s\000c\000h\000e\000d\000u\000l\000e\000D\000e\000v\000i\000c\000e}{subsection.4.2.1}
\BOOKMARK [3][-]{subsubsection.4.2.1.2}{\376\377\000s\000e\000t\000D\000e\000f\000a\000u\000l\000t\000T\000i\000m\000e}{subsection.4.2.1}
\BOOKMARK [3][-]{subsubsection.4.2.1.3}{\376\377\000t\000i\000m\000e\000r\000F\000i\000n\000i\000s\000h\000e\000d}{subsection.4.2.1}
\BOOKMARK [1][-]{section.4.3}{\376\377\000c\000B\000l\000o\000c\000k\000D\000e\000v\000i\000c\000e\000\040\000C\000l\000a\000s\000s\000\040\000R\000e\000f\000e\000r\000e\000n\000c\000e}{chapter.4}
\BOOKMARK [2][-]{subsection.4.3.1}{\376\377\000M\000e\000m\000b\000e\000r\000\040\000F\000u\000n\000c\000t\000i\000o\000n\000\040\000D\000o\000c\000u\000m\000e\000n\000t\000a\000t\000i\000o\000n}{section.4.3}
\BOOKMARK [3][-]{subsubsection.4.3.1.1}{\376\377\000s\000c\000h\000e\000d\000u\000l\000e\000D\000e\000v\000i\000c\000e}{subsection.4.3.1}
\BOOKMARK [3][-]{subsubsection.4.3.1.2}{\376\377\000s\000e\000t\000D\000e\000f\000a\000u\000l\000t\000T\000i\000m\000e}{subsection.4.3.1}
\BOOKMARK [3][-]{subsubsection.4.3.1.3}{\376\377\000t\000i\000m\000e\000r\000F\000i\000n\000i\000s\000h\000e\000d}{subsection.4.3.1}
\BOOKMARK [1][-]{section.4.4}{\376\377\000c\000C\000h\000a\000r\000D\000e\000v\000i\000c\000e\000\040\000C\000l\000a\000s\000s\000\040\000R\000e\000f\000e\000r\000e\000n\000c\000e}{chapter.4}
\BOOKMARK [2][-]{subsection.4.4.1}{\376\377\000M\000e\000m\000b\000e\000r\000\040\000F\000u\000n\000c\000t\000i\000o\000n\000\040\000D\000o\000c\000u\000m\000e\000n\000t\000a\000t\000i\000o\000n}{section.4.4}
\BOOKMARK [3][-]{subsubsection.4.4.1.1}{\376\377\000s\000c\000h\000e\000d\000u\000l\000e\000D\000e\000v\000i\000c\000e}{subsection.4.4.1}
\BOOKMARK [3][-]{subsubsection.4.4.1.2}{\376\377\000s\000e\000t\000D\000e\000f\000a\000u\000l\000t\000T\000i\000m\000e}{subsection.4.4.1}
\BOOKMARK [3][-]{subsubsection.4.4.1.3}{\376\377\000t\000i\000m\000e\000r\000F\000i\000n\000i\000s\000h\000e\000d}{subsection.4.4.1}
\BOOKMARK [1][-]{section.4.5}{\376\377\000c\000C\000P\000U\000\040\000C\000l\000a\000s\000s\000\040\000R\000e\000f\000e\000r\000e\000n\000c\000e}{chapter.4}
\BOOKMARK [2][-]{subsection.4.5.1}{\376\377\000D\000e\000t\000a\000i\000l\000e\000d\000\040\000D\000e\000s\000c\000r\000i\000p\000t\000i\000o\000n}{section.4.5}
\BOOKMARK [2][-]{subsection.4.5.2}{\376\377\000M\000e\000m\000b\000e\000r\000\040\000F\000u\000n\000c\000t\000i\000o\000n\000\040\000D\000o\000c\000u\000m\000e\000n\000t\000a\000t\000i\000o\000n}{section.4.5}
\BOOKMARK [3][-]{subsubsection.4.5.2.1}{\376\377\000e\000x\000e\000c\000u\000t\000e\000P\000r\000i\000v\000S\000e\000t}{subsection.4.5.2}
\BOOKMARK [3][-]{subsubsection.4.5.2.2}{\376\377\000g\000e\000t\000O\000p\000c\000o\000d\000e}{subsection.4.5.2}
\BOOKMARK [3][-]{subsubsection.4.5.2.3}{\376\377\000g\000e\000t\000P\000a\000r\000a\000m}{subsection.4.5.2}
\BOOKMARK [3][-]{subsubsection.4.5.2.4}{\376\377\000g\000e\000t\000P\000S\000W}{subsection.4.5.2}
\BOOKMARK [3][-]{subsubsection.4.5.2.5}{\376\377\000g\000e\000t\000S\000e\000t\000P\000C}{subsection.4.5.2}
\BOOKMARK [3][-]{subsubsection.4.5.2.6}{\376\377\000g\000e\000t\000S\000e\000t\000P\000S\000W}{subsection.4.5.2}
\BOOKMARK [3][-]{subsubsection.4.5.2.7}{\376\377\000g\000e\000t\000S\000e\000t\000V\000C}{subsection.4.5.2}
\BOOKMARK [3][-]{subsubsection.4.5.2.8}{\376\377\000r\000u\000n}{subsection.4.5.2}
\BOOKMARK [3][-]{subsubsection.4.5.2.9}{\376\377\000s\000e\000t\000M\000a\000x\000P\000C}{subsection.4.5.2}
\BOOKMARK [3][-]{subsubsection.4.5.2.10}{\376\377\000s\000e\000t\000P\000S\000W}{subsection.4.5.2}
\BOOKMARK [3][-]{subsubsection.4.5.2.11}{\376\377\000s\000e\000t\000T\000e\000x\000t}{subsection.4.5.2}
\BOOKMARK [3][-]{subsubsection.4.5.2.12}{\376\377\000s\000e\000t\000U\000s\000e\000r\000M\000o\000d\000e}{subsection.4.5.2}
\BOOKMARK [2][-]{subsection.4.5.3}{\376\377\000M\000e\000m\000b\000e\000r\000\040\000D\000a\000t\000a\000\040\000D\000o\000c\000u\000m\000e\000n\000t\000a\000t\000i\000o\000n}{section.4.5}
\BOOKMARK [3][-]{subsubsection.4.5.3.1}{\376\377\000K\000M\000o\000d\000e}{subsection.4.5.3}
\BOOKMARK [1][-]{section.4.6}{\376\377\000c\000F\000C\000F\000S\000\040\000C\000l\000a\000s\000s\000\040\000R\000e\000f\000e\000r\000e\000n\000c\000e}{chapter.4}
\BOOKMARK [2][-]{subsection.4.6.1}{\376\377\000M\000e\000m\000b\000e\000r\000\040\000F\000u\000n\000c\000t\000i\000o\000n\000\040\000D\000o\000c\000u\000m\000e\000n\000t\000a\000t\000i\000o\000n}{section.4.6}
\BOOKMARK [3][-]{subsubsection.4.6.1.1}{\376\377\000a\000d\000d\000L\000o\000g\000g\000e\000r}{subsection.4.6.1}
\BOOKMARK [3][-]{subsubsection.4.6.1.2}{\376\377\000a\000d\000d\000P\000r\000o\000c\000e\000s\000s}{subsection.4.6.1}
\BOOKMARK [3][-]{subsubsection.4.6.1.3}{\376\377\000a\000d\000d\000P\000r\000o\000c\000L\000o\000g\000g\000e\000r}{subsection.4.6.1}
\BOOKMARK [3][-]{subsubsection.4.6.1.4}{\376\377\000g\000e\000t\000N\000e\000x\000t\000T\000o\000R\000u\000n}{subsection.4.6.1}
\BOOKMARK [3][-]{subsubsection.4.6.1.5}{\376\377\000i\000n\000i\000t\000P\000r\000o\000c\000S\000c\000h\000e\000d\000u\000l\000e\000I\000n\000f\000o}{subsection.4.6.1}
\BOOKMARK [3][-]{subsubsection.4.6.1.6}{\376\377\000n\000u\000m\000P\000r\000o\000c\000e\000s\000s\000e\000s}{subsection.4.6.1}
\BOOKMARK [3][-]{subsubsection.4.6.1.7}{\376\377\000p\000r\000i\000n\000t\000U\000n\000b\000l\000o\000c\000k\000e\000d}{subsection.4.6.1}
\BOOKMARK [3][-]{subsubsection.4.6.1.8}{\376\377\000r\000e\000m\000o\000v\000e\000P\000r\000o\000c\000e\000s\000s}{subsection.4.6.1}
\BOOKMARK [3][-]{subsubsection.4.6.1.9}{\376\377\000s\000e\000t\000B\000l\000o\000c\000k\000e\000d}{subsection.4.6.1}
\BOOKMARK [3][-]{subsubsection.4.6.1.10}{\376\377\000u\000n\000b\000l\000o\000c\000k\000P\000r\000o\000c\000e\000s\000s}{subsection.4.6.1}
\BOOKMARK [1][-]{section.4.7}{\376\377\000c\000I\000D\000M\000a\000n\000a\000g\000e\000r\000\040\000C\000l\000a\000s\000s\000\040\000R\000e\000f\000e\000r\000e\000n\000c\000e}{chapter.4}
\BOOKMARK [2][-]{subsection.4.7.1}{\376\377\000C\000o\000n\000s\000t\000r\000u\000c\000t\000o\000r\000\040\000\046\000\040\000D\000e\000s\000t\000r\000u\000c\000t\000o\000r\000\040\000D\000o\000c\000u\000m\000e\000n\000t\000a\000t\000i\000o\000n}{section.4.7}
\BOOKMARK [3][-]{subsubsection.4.7.1.1}{\376\377\000c\000I\000D\000M\000a\000n\000a\000g\000e\000r}{subsection.4.7.1}
\BOOKMARK [2][-]{subsection.4.7.2}{\376\377\000M\000e\000m\000b\000e\000r\000\040\000F\000u\000n\000c\000t\000i\000o\000n\000\040\000D\000o\000c\000u\000m\000e\000n\000t\000a\000t\000i\000o\000n}{section.4.7}
\BOOKMARK [3][-]{subsubsection.4.7.2.1}{\376\377\000g\000e\000t\000I\000D}{subsection.4.7.2}
\BOOKMARK [3][-]{subsubsection.4.7.2.2}{\376\377\000g\000e\000t\000L\000o\000w\000I\000D}{subsection.4.7.2}
\BOOKMARK [3][-]{subsubsection.4.7.2.3}{\376\377\000n\000e\000x\000t\000L\000o\000w\000I\000D}{subsection.4.7.2}
\BOOKMARK [3][-]{subsubsection.4.7.2.4}{\376\377\000r\000e\000s\000e\000r\000v\000e\000d\000I\000D\000s}{subsection.4.7.2}
\BOOKMARK [3][-]{subsubsection.4.7.2.5}{\376\377\000r\000e\000t\000u\000r\000n\000I\000D}{subsection.4.7.2}
\BOOKMARK [1][-]{section.4.8}{\376\377\000c\000K\000e\000r\000n\000e\000l\000\040\000C\000l\000a\000s\000s\000\040\000R\000e\000f\000e\000r\000e\000n\000c\000e}{chapter.4}
\BOOKMARK [2][-]{subsection.4.8.1}{\376\377\000C\000o\000n\000s\000t\000r\000u\000c\000t\000o\000r\000\040\000\046\000\040\000D\000e\000s\000t\000r\000u\000c\000t\000o\000r\000\040\000D\000o\000c\000u\000m\000e\000n\000t\000a\000t\000i\000o\000n}{section.4.8}
\BOOKMARK [3][-]{subsubsection.4.8.1.1}{\376\377\000c\000K\000e\000r\000n\000e\000l}{subsection.4.8.1}
\BOOKMARK [2][-]{subsection.4.8.2}{\376\377\000M\000e\000m\000b\000e\000r\000\040\000F\000u\000n\000c\000t\000i\000o\000n\000\040\000D\000o\000c\000u\000m\000e\000n\000t\000a\000t\000i\000o\000n}{section.4.8}
\BOOKMARK [3][-]{subsubsection.4.8.2.1}{\376\377\000b\000o\000o\000t}{subsection.4.8.2}
\BOOKMARK [3][-]{subsubsection.4.8.2.2}{\376\377\000c\000l\000e\000a\000n\000u\000p\000P\000r\000o\000c\000e\000s\000s}{subsection.4.8.2}
\BOOKMARK [3][-]{subsubsection.4.8.2.3}{\376\377\000c\000l\000e\000a\000n\000u\000p\000P\000r\000o\000c\000e\000s\000s}{subsection.4.8.2}
\BOOKMARK [3][-]{subsubsection.4.8.2.4}{\376\377\000i\000n\000i\000t\000P\000r\000o\000c\000e\000s\000s}{subsection.4.8.2}
\BOOKMARK [3][-]{subsubsection.4.8.2.5}{\376\377\000s\000i\000g\000H\000a\000n\000d\000l\000e\000r}{subsection.4.8.2}
\BOOKMARK [3][-]{subsubsection.4.8.2.6}{\376\377\000s\000w\000a\000p\000P\000r\000o\000c\000e\000s\000s\000e\000s}{subsection.4.8.2}
\BOOKMARK [2][-]{subsection.4.8.3}{\376\377\000F\000r\000i\000e\000n\000d\000s\000\040\000A\000n\000d\000\040\000R\000e\000l\000a\000t\000e\000d\000\040\000F\000u\000n\000c\000t\000i\000o\000n\000\040\000D\000o\000c\000u\000m\000e\000n\000t\000a\000t\000i\000o\000n}{section.4.8}
\BOOKMARK [3][-]{subsubsection.4.8.3.1}{\376\377\000d\000e\000v\000i\000c\000e\000H\000a\000n\000d\000l\000e}{subsection.4.8.3}
\BOOKMARK [1][-]{section.4.9}{\376\377\000C\000l\000o\000c\000k\000D\000e\000v\000i\000c\000e\000\040\000C\000l\000a\000s\000s\000\040\000R\000e\000f\000e\000r\000e\000n\000c\000e}{chapter.4}
\BOOKMARK [2][-]{subsection.4.9.1}{\376\377\000M\000e\000m\000b\000e\000r\000\040\000F\000u\000n\000c\000t\000i\000o\000n\000\040\000D\000o\000c\000u\000m\000e\000n\000t\000a\000t\000i\000o\000n}{section.4.9}
\BOOKMARK [3][-]{subsubsection.4.9.1.1}{\376\377\000d\000i\000s\000a\000r\000m}{subsection.4.9.1}
\BOOKMARK [3][-]{subsubsection.4.9.1.2}{\376\377\000g\000e\000t\000T\000i\000m\000e}{subsection.4.9.1}
\BOOKMARK [3][-]{subsubsection.4.9.1.3}{\376\377\000s\000e\000t\000T\000i\000m\000e\000r}{subsection.4.9.1}
\BOOKMARK [1][-]{section.4.10}{\376\377\000c\000L\000o\000t\000t\000e\000r\000y\000\040\000C\000l\000a\000s\000s\000\040\000R\000e\000f\000e\000r\000e\000n\000c\000e}{chapter.4}
\BOOKMARK [2][-]{subsection.4.10.1}{\376\377\000M\000e\000m\000b\000e\000r\000\040\000F\000u\000n\000c\000t\000i\000o\000n\000\040\000D\000o\000c\000u\000m\000e\000n\000t\000a\000t\000i\000o\000n}{section.4.10}
\BOOKMARK [3][-]{subsubsection.4.10.1.1}{\376\377\000a\000d\000d\000P\000r\000o\000c\000e\000s\000s}{subsection.4.10.1}
\BOOKMARK [3][-]{subsubsection.4.10.1.2}{\376\377\000g\000e\000t\000N\000e\000x\000t\000T\000o\000R\000u\000n}{subsection.4.10.1}
\BOOKMARK [3][-]{subsubsection.4.10.1.3}{\376\377\000i\000n\000i\000t\000P\000r\000o\000c\000S\000c\000h\000e\000d\000u\000l\000e\000I\000n\000f\000o}{subsection.4.10.1}
\BOOKMARK [3][-]{subsubsection.4.10.1.4}{\376\377\000n\000u\000m\000P\000r\000o\000c\000e\000s\000s\000e\000s}{subsection.4.10.1}
\BOOKMARK [3][-]{subsubsection.4.10.1.5}{\376\377\000r\000e\000m\000o\000v\000e\000P\000r\000o\000c\000e\000s\000s}{subsection.4.10.1}
\BOOKMARK [3][-]{subsubsection.4.10.1.6}{\376\377\000s\000e\000t\000B\000l\000o\000c\000k\000e\000d}{subsection.4.10.1}
\BOOKMARK [3][-]{subsubsection.4.10.1.7}{\376\377\000u\000n\000b\000l\000o\000c\000k\000P\000r\000o\000c\000e\000s\000s}{subsection.4.10.1}
\BOOKMARK [1][-]{section.4.11}{\376\377\000c\000M\000u\000l\000t\000i\000L\000e\000v\000e\000l\000\040\000C\000l\000a\000s\000s\000\040\000R\000e\000f\000e\000r\000e\000n\000c\000e}{chapter.4}
\BOOKMARK [2][-]{subsection.4.11.1}{\376\377\000M\000e\000m\000b\000e\000r\000\040\000F\000u\000n\000c\000t\000i\000o\000n\000\040\000D\000o\000c\000u\000m\000e\000n\000t\000a\000t\000i\000o\000n}{section.4.11}
\BOOKMARK [3][-]{subsubsection.4.11.1.1}{\376\377\000a\000d\000d\000L\000o\000g\000g\000e\000r}{subsection.4.11.1}
\BOOKMARK [3][-]{subsubsection.4.11.1.2}{\376\377\000a\000d\000d\000P\000r\000o\000c\000e\000s\000s}{subsection.4.11.1}
\BOOKMARK [3][-]{subsubsection.4.11.1.3}{\376\377\000a\000d\000d\000P\000r\000o\000c\000L\000o\000g\000g\000e\000r}{subsection.4.11.1}
\BOOKMARK [3][-]{subsubsection.4.11.1.4}{\376\377\000g\000e\000t\000N\000e\000x\000t\000T\000o\000R\000u\000n}{subsection.4.11.1}
\BOOKMARK [3][-]{subsubsection.4.11.1.5}{\376\377\000i\000n\000i\000t\000P\000r\000o\000c\000S\000c\000h\000e\000d\000u\000l\000e\000I\000n\000f\000o}{subsection.4.11.1}
\BOOKMARK [3][-]{subsubsection.4.11.1.6}{\376\377\000n\000u\000m\000P\000r\000o\000c\000e\000s\000s\000e\000s}{subsection.4.11.1}
\BOOKMARK [3][-]{subsubsection.4.11.1.7}{\376\377\000p\000r\000i\000n\000t\000U\000n\000b\000l\000o\000c\000k\000e\000d}{subsection.4.11.1}
\BOOKMARK [3][-]{subsubsection.4.11.1.8}{\376\377\000r\000e\000m\000o\000v\000e\000P\000r\000o\000c\000e\000s\000s}{subsection.4.11.1}
\BOOKMARK [3][-]{subsubsection.4.11.1.9}{\376\377\000s\000e\000t\000B\000l\000o\000c\000k\000e\000d}{subsection.4.11.1}
\BOOKMARK [3][-]{subsubsection.4.11.1.10}{\376\377\000u\000n\000b\000l\000o\000c\000k\000P\000r\000o\000c\000e\000s\000s}{subsection.4.11.1}
\BOOKMARK [1][-]{section.4.12}{\376\377\000c\000P\000r\000o\000c\000e\000s\000s\000L\000o\000g\000g\000e\000r\000\040\000C\000l\000a\000s\000s\000\040\000R\000e\000f\000e\000r\000e\000n\000c\000e}{chapter.4}
\BOOKMARK [2][-]{subsection.4.12.1}{\376\377\000D\000e\000t\000a\000i\000l\000e\000d\000\040\000D\000e\000s\000c\000r\000i\000p\000t\000i\000o\000n}{section.4.12}
\BOOKMARK [1][-]{section.4.13}{\376\377\000c\000R\000o\000u\000n\000d\000R\000o\000b\000i\000n\000\040\000C\000l\000a\000s\000s\000\040\000R\000e\000f\000e\000r\000e\000n\000c\000e}{chapter.4}
\BOOKMARK [2][-]{subsection.4.13.1}{\376\377\000M\000e\000m\000b\000e\000r\000\040\000F\000u\000n\000c\000t\000i\000o\000n\000\040\000D\000o\000c\000u\000m\000e\000n\000t\000a\000t\000i\000o\000n}{section.4.13}
\BOOKMARK [3][-]{subsubsection.4.13.1.1}{\376\377\000g\000e\000t\000N\000e\000x\000t\000T\000o\000R\000u\000n}{subsection.4.13.1}
\BOOKMARK [3][-]{subsubsection.4.13.1.2}{\376\377\000r\000e\000m\000o\000v\000e\000P\000r\000o\000c\000e\000s\000s}{subsection.4.13.1}
\BOOKMARK [3][-]{subsubsection.4.13.1.3}{\376\377\000s\000e\000t\000B\000l\000o\000c\000k\000e\000d}{subsection.4.13.1}
\BOOKMARK [3][-]{subsubsection.4.13.1.4}{\376\377\000u\000n\000b\000l\000o\000c\000k\000P\000r\000o\000c\000e\000s\000s}{subsection.4.13.1}
\BOOKMARK [1][-]{section.4.14}{\376\377\000c\000S\000c\000h\000e\000d\000u\000l\000e\000r\000\040\000C\000l\000a\000s\000s\000\040\000R\000e\000f\000e\000r\000e\000n\000c\000e}{chapter.4}
\BOOKMARK [2][-]{subsection.4.14.1}{\376\377\000M\000e\000m\000b\000e\000r\000\040\000F\000u\000n\000c\000t\000i\000o\000n\000\040\000D\000o\000c\000u\000m\000e\000n\000t\000a\000t\000i\000o\000n}{section.4.14}
\BOOKMARK [3][-]{subsubsection.4.14.1.1}{\376\377\000a\000d\000d\000L\000o\000g\000g\000e\000r}{subsection.4.14.1}
\BOOKMARK [3][-]{subsubsection.4.14.1.2}{\376\377\000a\000d\000d\000P\000r\000o\000c\000e\000s\000s}{subsection.4.14.1}
\BOOKMARK [3][-]{subsubsection.4.14.1.3}{\376\377\000a\000d\000d\000P\000r\000o\000c\000L\000o\000g\000g\000e\000r}{subsection.4.14.1}
\BOOKMARK [3][-]{subsubsection.4.14.1.4}{\376\377\000g\000e\000t\000N\000e\000x\000t\000T\000o\000R\000u\000n}{subsection.4.14.1}
\BOOKMARK [3][-]{subsubsection.4.14.1.5}{\376\377\000i\000n\000i\000t\000P\000r\000o\000c\000S\000c\000h\000e\000d\000u\000l\000e\000I\000n\000f\000o}{subsection.4.14.1}
\BOOKMARK [3][-]{subsubsection.4.14.1.6}{\376\377\000n\000u\000m\000P\000r\000o\000c\000e\000s\000s\000e\000s}{subsection.4.14.1}
\BOOKMARK [3][-]{subsubsection.4.14.1.7}{\376\377\000p\000r\000i\000n\000t\000U\000n\000b\000l\000o\000c\000k\000e\000d}{subsection.4.14.1}
\BOOKMARK [3][-]{subsubsection.4.14.1.8}{\376\377\000r\000e\000m\000o\000v\000e\000P\000r\000o\000c\000e\000s\000s}{subsection.4.14.1}
\BOOKMARK [3][-]{subsubsection.4.14.1.9}{\376\377\000s\000e\000t\000B\000l\000o\000c\000k\000e\000d}{subsection.4.14.1}
\BOOKMARK [3][-]{subsubsection.4.14.1.10}{\376\377\000u\000n\000b\000l\000o\000c\000k\000P\000r\000o\000c\000e\000s\000s}{subsection.4.14.1}
\BOOKMARK [1][-]{section.4.15}{\376\377\000f\000c\000f\000s\000I\000n\000f\000o\000\040\000S\000t\000r\000u\000c\000t\000\040\000R\000e\000f\000e\000r\000e\000n\000c\000e}{chapter.4}
\BOOKMARK [1][-]{section.4.16}{\376\377\000k\000e\000r\000n\000e\000l\000E\000r\000r\000o\000r\000\040\000S\000t\000r\000u\000c\000t\000\040\000R\000e\000f\000e\000r\000e\000n\000c\000e}{chapter.4}
\BOOKMARK [2][-]{subsection.4.16.1}{\376\377\000D\000e\000t\000a\000i\000l\000e\000d\000\040\000D\000e\000s\000c\000r\000i\000p\000t\000i\000o\000n}{section.4.16}
\BOOKMARK [1][-]{section.4.17}{\376\377\000l\000o\000t\000t\000e\000r\000y\000I\000n\000f\000o\000\040\000S\000t\000r\000u\000c\000t\000\040\000R\000e\000f\000e\000r\000e\000n\000c\000e}{chapter.4}
\BOOKMARK [1][-]{section.4.18}{\376\377\000P\000r\000o\000c\000e\000s\000s\000I\000n\000f\000o\000\040\000S\000t\000r\000u\000c\000t\000\040\000R\000e\000f\000e\000r\000e\000n\000c\000e}{chapter.4}
\BOOKMARK [2][-]{subsection.4.18.1}{\376\377\000D\000e\000t\000a\000i\000l\000e\000d\000\040\000D\000e\000s\000c\000r\000i\000p\000t\000i\000o\000n}{section.4.18}
\BOOKMARK [2][-]{subsection.4.18.2}{\376\377\000M\000e\000m\000b\000e\000r\000\040\000D\000a\000t\000a\000\040\000D\000o\000c\000u\000m\000e\000n\000t\000a\000t\000i\000o\000n}{section.4.18}
\BOOKMARK [3][-]{subsubsection.4.18.2.1}{\376\377\000s\000c\000h\000e\000d\000u\000l\000e\000D\000a\000t\000a}{subsection.4.18.2}
\BOOKMARK [1][-]{section.4.19}{\376\377\000r\000o\000u\000n\000d\000R\000o\000b\000i\000n\000I\000n\000f\000o\000\040\000S\000t\000r\000u\000c\000t\000\040\000R\000e\000f\000e\000r\000e\000n\000c\000e}{chapter.4}
\BOOKMARK [1][-]{section.4.20}{\376\377\000s\000M\000u\000l\000t\000i\000I\000n\000f\000o\000\040\000S\000t\000r\000u\000c\000t\000\040\000R\000e\000f\000e\000r\000e\000n\000c\000e}{chapter.4}
\BOOKMARK [0][-]{chapter.5}{\376\377\000F\000i\000l\000e\000\040\000D\000o\000c\000u\000m\000e\000n\000t\000a\000t\000i\000o\000n}{}
\BOOKMARK [1][-]{section.5.1}{\376\377\000i\000n\000c\000l\000u\000d\000e\000/\000c\000p\000u\000.\000h\000\040\000F\000i\000l\000e\000\040\000R\000e\000f\000e\000r\000e\000n\000c\000e}{chapter.5}
\BOOKMARK [2][-]{subsection.5.1.1}{\376\377\000D\000e\000t\000a\000i\000l\000e\000d\000\040\000D\000e\000s\000c\000r\000i\000p\000t\000i\000o\000n}{section.5.1}
\BOOKMARK [2][-]{subsection.5.1.2}{\376\377\000D\000e\000f\000i\000n\000e\000\040\000D\000o\000c\000u\000m\000e\000n\000t\000a\000t\000i\000o\000n}{section.5.1}
\BOOKMARK [3][-]{subsubsection.5.1.2.1}{\376\377\000M\000A\000X\000\137\000P\000A\000R\000A\000M\000\137\000S\000I\000Z\000E}{subsection.5.1.2}
\BOOKMARK [2][-]{subsection.5.1.3}{\376\377\000E\000n\000u\000m\000e\000r\000a\000t\000i\000o\000n\000\040\000T\000y\000p\000e\000\040\000D\000o\000c\000u\000m\000e\000n\000t\000a\000t\000i\000o\000n}{section.5.1}
\BOOKMARK [3][-]{subsubsection.5.1.3.1}{\376\377\000e\000P\000S\000W}{subsection.5.1.3}
\BOOKMARK [1][-]{section.5.2}{\376\377\000i\000n\000c\000l\000u\000d\000e\000/\000d\000e\000v\000i\000c\000e\000s\000/\000b\000l\000o\000c\000k\000\137\000d\000e\000v\000i\000c\000e\000.\000h\000\040\000F\000i\000l\000e\000\040\000R\000e\000f\000e\000r\000e\000n\000c\000e}{chapter.5}
\BOOKMARK [2][-]{subsection.5.2.1}{\376\377\000D\000e\000t\000a\000i\000l\000e\000d\000\040\000D\000e\000s\000c\000r\000i\000p\000t\000i\000o\000n}{section.5.2}
\BOOKMARK [1][-]{section.5.3}{\376\377\000i\000n\000c\000l\000u\000d\000e\000/\000d\000e\000v\000i\000c\000e\000s\000/\000c\000h\000a\000r\000\137\000d\000e\000v\000i\000c\000e\000.\000h\000\040\000F\000i\000l\000e\000\040\000R\000e\000f\000e\000r\000e\000n\000c\000e}{chapter.5}
\BOOKMARK [2][-]{subsection.5.3.1}{\376\377\000D\000e\000t\000a\000i\000l\000e\000d\000\040\000D\000e\000s\000c\000r\000i\000p\000t\000i\000o\000n}{section.5.3}
\BOOKMARK [1][-]{section.5.4}{\376\377\000i\000n\000c\000l\000u\000d\000e\000/\000d\000e\000v\000i\000c\000e\000s\000/\000c\000l\000o\000c\000k\000\137\000d\000e\000v\000i\000c\000e\000.\000h\000\040\000F\000i\000l\000e\000\040\000R\000e\000f\000e\000r\000e\000n\000c\000e}{chapter.5}
\BOOKMARK [2][-]{subsection.5.4.1}{\376\377\000D\000e\000t\000a\000i\000l\000e\000d\000\040\000D\000e\000s\000c\000r\000i\000p\000t\000i\000o\000n}{section.5.4}
\BOOKMARK [1][-]{section.5.5}{\376\377\000i\000n\000c\000l\000u\000d\000e\000/\000d\000e\000v\000i\000c\000e\000s\000/\000q\000u\000e\000u\000e\000d\000\137\000d\000e\000v\000i\000c\000e\000.\000h\000\040\000F\000i\000l\000e\000\040\000R\000e\000f\000e\000r\000e\000n\000c\000e}{chapter.5}
\BOOKMARK [2][-]{subsection.5.5.1}{\376\377\000D\000e\000t\000a\000i\000l\000e\000d\000\040\000D\000e\000s\000c\000r\000i\000p\000t\000i\000o\000n}{section.5.5}
\BOOKMARK [1][-]{section.5.6}{\376\377\000i\000n\000c\000l\000u\000d\000e\000/\000k\000e\000r\000n\000e\000l\000.\000h\000\040\000F\000i\000l\000e\000\040\000R\000e\000f\000e\000r\000e\000n\000c\000e}{chapter.5}
\BOOKMARK [2][-]{subsection.5.6.1}{\376\377\000D\000e\000t\000a\000i\000l\000e\000d\000\040\000D\000e\000s\000c\000r\000i\000p\000t\000i\000o\000n}{section.5.6}
\BOOKMARK [2][-]{subsection.5.6.2}{\376\377\000D\000e\000f\000i\000n\000e\000\040\000D\000o\000c\000u\000m\000e\000n\000t\000a\000t\000i\000o\000n}{section.5.6}
\BOOKMARK [3][-]{subsubsection.5.6.2.1}{\376\377\000D\000E\000F\000A\000U\000L\000T\000\137\000P\000R\000I\000O\000R\000I\000T\000Y}{subsection.5.6.2}
\BOOKMARK [2][-]{subsection.5.6.3}{\376\377\000V\000a\000r\000i\000a\000b\000l\000e\000\040\000D\000o\000c\000u\000m\000e\000n\000t\000a\000t\000i\000o\000n}{section.5.6}
\BOOKMARK [3][-]{subsubsection.5.6.3.1}{\376\377\000i\000n\000i\000t\000P\000r\000o\000c\000e\000s\000s\000N\000a\000m\000e}{subsection.5.6.3}
\BOOKMARK [3][-]{subsubsection.5.6.3.2}{\376\377\000p\000r\000o\000c\000L\000o\000g\000F\000i\000l\000e}{subsection.5.6.3}
\BOOKMARK [3][-]{subsubsection.5.6.3.3}{\376\377\000t\000r\000a\000c\000e\000L\000o\000g\000F\000i\000l\000e}{subsection.5.6.3}
\BOOKMARK [1][-]{section.5.7}{\376\377\000i\000n\000c\000l\000u\000d\000e\000/\000p\000r\000o\000c\000e\000s\000s\000.\000h\000\040\000F\000i\000l\000e\000\040\000R\000e\000f\000e\000r\000e\000n\000c\000e}{chapter.5}
\BOOKMARK [2][-]{subsection.5.7.1}{\376\377\000D\000e\000t\000a\000i\000l\000e\000d\000\040\000D\000e\000s\000c\000r\000i\000p\000t\000i\000o\000n}{section.5.7}
\BOOKMARK [2][-]{subsection.5.7.2}{\376\377\000E\000n\000u\000m\000e\000r\000a\000t\000i\000o\000n\000\040\000T\000y\000p\000e\000\040\000D\000o\000c\000u\000m\000e\000n\000t\000a\000t\000i\000o\000n}{section.5.7}
\BOOKMARK [3][-]{subsubsection.5.7.2.1}{\376\377\000e\000P\000r\000o\000c\000S\000t\000a\000t\000e}{subsection.5.7.2}
\BOOKMARK [1][-]{section.5.8}{\376\377\000i\000n\000c\000l\000u\000d\000e\000/\000s\000c\000h\000e\000d\000u\000l\000e\000r\000/\000f\000c\000f\000s\000.\000h\000\040\000F\000i\000l\000e\000\040\000R\000e\000f\000e\000r\000e\000n\000c\000e}{chapter.5}
\BOOKMARK [2][-]{subsection.5.8.1}{\376\377\000D\000e\000t\000a\000i\000l\000e\000d\000\040\000D\000e\000s\000c\000r\000i\000p\000t\000i\000o\000n}{section.5.8}
\BOOKMARK [1][-]{section.5.9}{\376\377\000i\000n\000c\000l\000u\000d\000e\000/\000s\000c\000h\000e\000d\000u\000l\000e\000r\000/\000l\000o\000t\000t\000e\000r\000y\000.\000h\000\040\000F\000i\000l\000e\000\040\000R\000e\000f\000e\000r\000e\000n\000c\000e}{chapter.5}
\BOOKMARK [2][-]{subsection.5.9.1}{\376\377\000D\000e\000t\000a\000i\000l\000e\000d\000\040\000D\000e\000s\000c\000r\000i\000p\000t\000i\000o\000n}{section.5.9}
\BOOKMARK [1][-]{section.5.10}{\376\377\000i\000n\000c\000l\000u\000d\000e\000/\000s\000c\000h\000e\000d\000u\000l\000e\000r\000/\000r\000o\000u\000n\000d\000\137\000r\000o\000b\000i\000n\000.\000h\000\040\000F\000i\000l\000e\000\040\000R\000e\000f\000e\000r\000e\000n\000c\000e}{chapter.5}
\BOOKMARK [2][-]{subsection.5.10.1}{\376\377\000D\000e\000t\000a\000i\000l\000e\000d\000\040\000D\000e\000s\000c\000r\000i\000p\000t\000i\000o\000n}{section.5.10}
\BOOKMARK [1][-]{section.5.11}{\376\377\000i\000n\000c\000l\000u\000d\000e\000/\000u\000t\000i\000l\000i\000t\000y\000/\000i\000d\000.\000h\000\040\000F\000i\000l\000e\000\040\000R\000e\000f\000e\000r\000e\000n\000c\000e}{chapter.5}
\BOOKMARK [2][-]{subsection.5.11.1}{\376\377\000D\000e\000t\000a\000i\000l\000e\000d\000\040\000D\000e\000s\000c\000r\000i\000p\000t\000i\000o\000n}{section.5.11}
\BOOKMARK [1][-]{section.5.12}{\376\377\000i\000n\000c\000l\000u\000d\000e\000/\000u\000t\000i\000l\000i\000t\000y\000/\000l\000o\000g\000g\000e\000r\000.\000h\000\040\000F\000i\000l\000e\000\040\000R\000e\000f\000e\000r\000e\000n\000c\000e}{chapter.5}
\BOOKMARK [2][-]{subsection.5.12.1}{\376\377\000D\000e\000t\000a\000i\000l\000e\000d\000\040\000D\000e\000s\000c\000r\000i\000p\000t\000i\000o\000n}{section.5.12}
\BOOKMARK [1][-]{section.5.13}{\376\377\000i\000n\000c\000l\000u\000d\000e\000/\000u\000t\000i\000l\000i\000t\000y\000/\000p\000r\000o\000c\000e\000s\000s\000\137\000l\000o\000g\000g\000e\000r\000.\000h\000\040\000F\000i\000l\000e\000\040\000R\000e\000f\000e\000r\000e\000n\000c\000e}{chapter.5}
\BOOKMARK [2][-]{subsection.5.13.1}{\376\377\000D\000e\000t\000a\000i\000l\000e\000d\000\040\000D\000e\000s\000c\000r\000i\000p\000t\000i\000o\000n}{section.5.13}
\BOOKMARK [2][-]{subsection.5.13.2}{\376\377\000V\000a\000r\000i\000a\000b\000l\000e\000\040\000D\000o\000c\000u\000m\000e\000n\000t\000a\000t\000i\000o\000n}{section.5.13}
\BOOKMARK [3][-]{subsubsection.5.13.2.1}{\376\377\000o\000u\000t\000p\000u\000t\000F\000o\000r\000m\000a\000t}{subsection.5.13.2}
\BOOKMARK [3][-]{subsubsection.5.13.2.2}{\376\377\000p\000r\000o\000c\000N\000a\000m\000e\000R\000e\000q}{subsection.5.13.2}
\BOOKMARK [3][-]{subsubsection.5.13.2.3}{\376\377\000r\000e\000q\000u\000e\000s\000t\000E\000r\000r\000o\000r}{subsection.5.13.2}
